2018-05-02 15:48:23,483 [main] INFO  [com.jeesite.common.config.Global] tg:114 - logPath: C:/Users/cici/workspace/jeesite-demo/src/main/webapp/WEB-INF/classes

   _____        ___  _   _           ___
  |_   _|      / __'(_)_| |_        /   |
  _ | | __  __ \___ | |_   _| __   / /| |
 ( .| |/__\/__\ ___)| | | |_ /__\ / /_| |_
  \___|\__.\__.|____|_| \___)\__.(____   _|  :: JeeSite V4.0.2 :: 
======================================|_|==========================

    欢迎使用 JeeSite Demo V4.0

    您当前的版本为开源版，官方网站：http://jeesite.com

    机器码是：92d3fc5f59cb8b05b10217c6d2067690
    产品名称：JeeSite Demo
    公司名称：ThinkGem

===================================================================

2018-05-02 15:48:30,703 [main] DEBUG [c.j.c.mybatis.mapper.provider.SelectSqlProvider] em:120 - 2毫秒: SELECT a.status AS "status", a.create_by AS "createBy", a.create_date AS "createDate", a.update_by AS "updateBy", a.update_date AS "updateDate", a.remarks AS "remarks", a.module_code AS "moduleCode", a.module_name AS "moduleName", a.description AS "description", a.main_class_name AS "mainClassName", a.current_version AS "currentVersion", a.upgrade_info AS "upgradeInfo" FROM js_sys_module a WHERE a.status = #{sqlMap.where#status#EQ1} ORDER BY a.update_date DESC
2018-05-02 15:48:30,726 [main] DEBUG [o.m.spring.transaction.SpringManagedTransaction] SpringManagedTransaction.java:87 - JDBC Connection [com.alibaba.druid.proxy.jdbc.ConnectionProxyImpl@6071631f] will be managed by Spring
2018-05-02 15:48:30,762 [main] DEBUG [com.jeesite.modules.sys.dao.ModuleDao.findList] BaseJdbcLogger.java:159 - ==>  Preparing: SELECT a.status AS "status", a.create_by AS "createBy", a.create_date AS "createDate", a.update_by AS "updateBy", a.update_date AS "updateDate", a.remarks AS "remarks", a.module_code AS "moduleCode", a.module_name AS "moduleName", a.description AS "description", a.main_class_name AS "mainClassName", a.current_version AS "currentVersion", a.upgrade_info AS "upgradeInfo" FROM js_sys_module a WHERE a.status = ? ORDER BY a.update_date DESC 
2018-05-02 15:48:30,804 [main] DEBUG [com.jeesite.modules.sys.dao.ModuleDao.findList] BaseJdbcLogger.java:159 - ==> Parameters: 0(String)
2018-05-02 15:48:30,998 [main] WARN  [o.s.b.c.e.AnnotationConfigEmbeddedWebApplicationContext] AbstractApplicationContext.java:551 - Exception encountered during context initialization - cancelling refresh attempt: org.springframework.beans.factory.UnsatisfiedDependencyException: Error creating bean with name 'langController': Unsatisfied dependency expressed through field 'langService'; nested exception is org.springframework.beans.factory.BeanCreationException: Error creating bean with name 'dbUpgrade': Invocation of init method failed; nested exception is org.springframework.jdbc.BadSqlGrammarException: 
### Error querying database.  Cause: com.mysql.jdbc.exceptions.jdbc4.MySQLSyntaxErrorException: Table 'jeesite.js_sys_module' doesn't exist
### The error may exist in com/jeesite/modules/sys/dao/ModuleDao.java (best guess)
### The error may involve com.jeesite.modules.sys.dao.ModuleDao.findList-Inline
### The error occurred while setting parameters
### SQL: SELECT a.status AS "status", a.create_by AS "createBy", a.create_date AS "createDate", a.update_by AS "updateBy", a.update_date AS "updateDate", a.remarks AS "remarks", a.module_code AS "moduleCode", a.module_name AS "moduleName", a.description AS "description", a.main_class_name AS "mainClassName", a.current_version AS "currentVersion", a.upgrade_info AS "upgradeInfo" FROM js_sys_module a WHERE a.status = ? ORDER BY a.update_date DESC
### Cause: com.mysql.jdbc.exceptions.jdbc4.MySQLSyntaxErrorException: Table 'jeesite.js_sys_module' doesn't exist
; bad SQL grammar []; nested exception is com.mysql.jdbc.exceptions.jdbc4.MySQLSyntaxErrorException: Table 'jeesite.js_sys_module' doesn't exist
2018-05-02 15:48:30,998 [main] DEBUG [com.jeesite.common.utils.SpringUtils] gh:108 - Clear ApplicationContext:org.springframework.boot.context.embedded.AnnotationConfigEmbeddedWebApplicationContext@b78a709: startup date [Wed May 02 15:48:15 CST 2018]; root of context hierarchy
2018-05-02 15:53:22,409 [main] INFO  [com.jeesite.common.config.Global] tg:114 - logPath: C:/Users/cici/workspace/jeesite-demo/src/main/webapp/WEB-INF/classes

   _____        ___  _   _           ___
  |_   _|      / __'(_)_| |_        /   |
  _ | | __  __ \___ | |_   _| __   / /| |
 ( .| |/__\/__\ ___)| | | |_ /__\ / /_| |_
  \___|\__.\__.|____|_| \___)\__.(____   _|  :: JeeSite V4.0.2 :: 
======================================|_|==========================

    欢迎使用 JeeSite Demo V4.0

    您当前的版本为开源版，官方网站：http://jeesite.com

    机器码是：92d3fc5f59cb8b05b10217c6d2067690
    产品名称：JeeSite Demo
    公司名称：ThinkGem

===================================================================

2018-05-02 15:53:29,679 [main] DEBUG [c.j.c.mybatis.mapper.provider.SelectSqlProvider] em:120 - 3毫秒: SELECT a.status AS "status", a.create_by AS "createBy", a.create_date AS "createDate", a.update_by AS "updateBy", a.update_date AS "updateDate", a.remarks AS "remarks", a.module_code AS "moduleCode", a.module_name AS "moduleName", a.description AS "description", a.main_class_name AS "mainClassName", a.current_version AS "currentVersion", a.upgrade_info AS "upgradeInfo" FROM js_sys_module a WHERE a.status = #{sqlMap.where#status#EQ1} ORDER BY a.update_date DESC
2018-05-02 15:53:29,702 [main] DEBUG [o.m.spring.transaction.SpringManagedTransaction] SpringManagedTransaction.java:87 - JDBC Connection [com.alibaba.druid.proxy.jdbc.ConnectionProxyImpl@27dc81be] will be managed by Spring
2018-05-02 15:53:29,719 [main] DEBUG [com.jeesite.modules.sys.dao.ModuleDao.findList] BaseJdbcLogger.java:159 - ==>  Preparing: SELECT a.status AS "status", a.create_by AS "createBy", a.create_date AS "createDate", a.update_by AS "updateBy", a.update_date AS "updateDate", a.remarks AS "remarks", a.module_code AS "moduleCode", a.module_name AS "moduleName", a.description AS "description", a.main_class_name AS "mainClassName", a.current_version AS "currentVersion", a.upgrade_info AS "upgradeInfo" FROM js_sys_module a WHERE a.status = ? ORDER BY a.update_date DESC 
2018-05-02 15:53:29,762 [main] DEBUG [com.jeesite.modules.sys.dao.ModuleDao.findList] BaseJdbcLogger.java:159 - ==> Parameters: 0(String)
2018-05-02 15:53:29,787 [main] DEBUG [com.jeesite.modules.sys.dao.ModuleDao.findList] BaseJdbcLogger.java:159 - <==      Total: 3
2018-05-02 15:53:29,930 [main] DEBUG [c.j.c.mybatis.mapper.provider.SelectSqlProvider] em:11 - 2毫秒: SELECT a.corp_code AS "corpCode", a.corp_name AS "corpName", a.status AS "status", a.create_by AS "createBy", a.create_date AS "createDate", a.update_by AS "updateBy", a.update_date AS "updateDate", a.remarks AS "remarks", a.user_code AS "userCode", a.login_code AS "loginCode", a.user_name AS "userName", a.password AS "password", a.email AS "email", a.mobile AS "mobile", a.phone AS "phone", a.sex AS "sex", a.avatar AS "avatar", a.sign AS "sign", a.wx_openid AS "wxOpenid", a.mobile_imei AS "mobileImei", a.user_type AS "userType", a.ref_code AS "refCode", a.ref_name AS "refName", a.mgr_type AS "mgrType", a.pwd_security_level AS "pwdSecurityLevel", a.pwd_update_date AS "pwdUpdateDate", a.pwd_update_record AS "pwdUpdateRecord", a.pwd_question AS "pwdQuestion", a.pwd_question_answer AS "pwdQuestionAnswer", a.pwd_question_2 AS "pwdQuestion2", a.pwd_question_answer_2 AS "pwdQuestionAnswer2", a.pwd_question_3 AS "pwdQuestion3", a.pwd_question_answer_3 AS "pwdQuestionAnswer3", a.pwd_quest_update_date AS "pwdQuestUpdateDate", a.last_login_ip AS "lastLoginIp", a.last_login_date AS "lastLoginDate", a.freeze_date AS "freezeDate", a.freeze_cause AS "freezeCause", a.user_weight AS "userWeight", a.extend_s1 AS "extend.extendS1", a.extend_s2 AS "extend.extendS2", a.extend_s3 AS "extend.extendS3", a.extend_s4 AS "extend.extendS4", a.extend_s5 AS "extend.extendS5", a.extend_s6 AS "extend.extendS6", a.extend_s7 AS "extend.extendS7", a.extend_s8 AS "extend.extendS8", a.extend_i1 AS "extend.extendI1", a.extend_i2 AS "extend.extendI2", a.extend_i3 AS "extend.extendI3", a.extend_i4 AS "extend.extendI4", a.extend_f1 AS "extend.extendF1", a.extend_f2 AS "extend.extendF2", a.extend_f3 AS "extend.extendF3", a.extend_f4 AS "extend.extendF4", a.extend_d1 AS "extend.extendD1", a.extend_d2 AS "extend.extendD2", a.extend_d3 AS "extend.extendD3", a.extend_d4 AS "extend.extendD4" FROM js_sys_user a WHERE a.`user_code` = #{userCode}
2018-05-02 15:53:29,937 [main] DEBUG [o.m.spring.transaction.SpringManagedTransaction] SpringManagedTransaction.java:87 - JDBC Connection [com.alibaba.druid.proxy.jdbc.ConnectionProxyImpl@27dc81be] will be managed by Spring
2018-05-02 15:53:29,949 [main] DEBUG [com.jeesite.modules.sys.dao.UserDao.get] BaseJdbcLogger.java:159 - ==>  Preparing: SELECT a.corp_code AS "corpCode", a.corp_name AS "corpName", a.status AS "status", a.create_by AS "createBy", a.create_date AS "createDate", a.update_by AS "updateBy", a.update_date AS "updateDate", a.remarks AS "remarks", a.user_code AS "userCode", a.login_code AS "loginCode", a.user_name AS "userName", a.password AS "password", a.email AS "email", a.mobile AS "mobile", a.phone AS "phone", a.sex AS "sex", a.avatar AS "avatar", a.sign AS "sign", a.wx_openid AS "wxOpenid", a.mobile_imei AS "mobileImei", a.user_type AS "userType", a.ref_code AS "refCode", a.ref_name AS "refName", a.mgr_type AS "mgrType", a.pwd_security_level AS "pwdSecurityLevel", a.pwd_update_date AS "pwdUpdateDate", a.pwd_update_record AS "pwdUpdateRecord", a.pwd_question AS "pwdQuestion", a.pwd_question_answer AS "pwdQuestionAnswer", a.pwd_question_2 AS "pwdQuestion2", a.pwd_question_answer_2 AS "pwdQuestionAnswer2", a.pwd_question_3 AS "pwdQuestion3", a.pwd_question_answer_3 AS "pwdQuestionAnswer3", a.pwd_quest_update_date AS "pwdQuestUpdateDate", a.last_login_ip AS "lastLoginIp", a.last_login_date AS "lastLoginDate", a.freeze_date AS "freezeDate", a.freeze_cause AS "freezeCause", a.user_weight AS "userWeight", a.extend_s1 AS "extend.extendS1", a.extend_s2 AS "extend.extendS2", a.extend_s3 AS "extend.extendS3", a.extend_s4 AS "extend.extendS4", a.extend_s5 AS "extend.extendS5", a.extend_s6 AS "extend.extendS6", a.extend_s7 AS "extend.extendS7", a.extend_s8 AS "extend.extendS8", a.extend_i1 AS "extend.extendI1", a.extend_i2 AS "extend.extendI2", a.extend_i3 AS "extend.extendI3", a.extend_i4 AS "extend.extendI4", a.extend_f1 AS "extend.extendF1", a.extend_f2 AS "extend.extendF2", a.extend_f3 AS "extend.extendF3", a.extend_f4 AS "extend.extendF4", a.extend_d1 AS "extend.extendD1", a.extend_d2 AS "extend.extendD2", a.extend_d3 AS "extend.extendD3", a.extend_d4 AS "extend.extendD4" FROM js_sys_user a WHERE a.`user_code` = ? 
2018-05-02 15:53:29,951 [main] DEBUG [com.jeesite.modules.sys.dao.UserDao.get] BaseJdbcLogger.java:159 - ==> Parameters: system(String)
2018-05-02 15:53:29,963 [main] DEBUG [com.jeesite.modules.sys.dao.UserDao.get] BaseJdbcLogger.java:159 - <==      Total: 1
2018-05-02 15:53:29,986 [main] DEBUG [c.j.c.mybatis.mapper.provider.SelectSqlProvider] em:120 - 1毫秒: SELECT a.corp_code AS "corpCode", a.corp_name AS "corpName", a.status AS "status", a.create_by AS "createBy", a.create_date AS "createDate", a.update_by AS "updateBy", a.update_date AS "updateDate", a.remarks AS "remarks", a.role_code AS "roleCode", a.role_name AS "roleName", a.role_type AS "roleType", a.role_sort AS "roleSort", a.is_sys AS "isSys", a.user_type AS "userType", a.data_scope AS "dataScope" FROM js_sys_role a WHERE a.status = #{sqlMap.where#status#EQ1} ORDER BY a.role_sort ASC
2018-05-02 15:53:29,989 [main] DEBUG [com.jeesite.modules.sys.dao.RoleDao.findList] BaseJdbcLogger.java:159 - ==>  Preparing: SELECT a.corp_code AS "corpCode", a.corp_name AS "corpName", a.status AS "status", a.create_by AS "createBy", a.create_date AS "createDate", a.update_by AS "updateBy", a.update_date AS "updateDate", a.remarks AS "remarks", a.role_code AS "roleCode", a.role_name AS "roleName", a.role_type AS "roleType", a.role_sort AS "roleSort", a.is_sys AS "isSys", a.user_type AS "userType", a.data_scope AS "dataScope" FROM js_sys_role a WHERE a.status = ? ORDER BY a.role_sort ASC 
2018-05-02 15:53:29,990 [main] DEBUG [com.jeesite.modules.sys.dao.RoleDao.findList] BaseJdbcLogger.java:159 - ==> Parameters: 0(String)
2018-05-02 15:53:29,997 [main] DEBUG [com.jeesite.modules.sys.dao.RoleDao.findList] BaseJdbcLogger.java:159 - <==      Total: 4
2018-05-02 15:53:30,052 [main] DEBUG [c.j.c.mybatis.mapper.provider.UpdateSqlProvider] ai:126 - 228毫秒: UPDATE js_sys_menu SET `status` = #{param1.status}, `update_by` = #{param1.updateBy}, `update_date` = #{param1.updateDate} WHERE status != #{param2.STATUS_DELETE} AND module_codes LIKE #{param2.sqlMap.where#module_codes#LIKE1}
2018-05-02 15:53:30,062 [main] DEBUG [c.j.modules.sys.dao.MenuDao.updateStatusByEntity] BaseJdbcLogger.java:159 - ==>  Preparing: UPDATE js_sys_menu SET `status` = ?, `update_by` = ?, `update_date` = ? WHERE status != ? AND module_codes LIKE ? 
2018-05-02 15:53:30,065 [main] DEBUG [c.j.modules.sys.dao.MenuDao.updateStatusByEntity] BaseJdbcLogger.java:159 - ==> Parameters: 0(String), system(String), 2018-05-02 15:53:30.051(Timestamp), 1(String), %core%(String)
2018-05-02 15:53:30,067 [main] DEBUG [c.j.modules.sys.dao.MenuDao.updateStatusByEntity] BaseJdbcLogger.java:159 - <==    Updates: 41
2018-05-02 15:53:30,076 [main] DEBUG [c.j.c.mybatis.mapper.provider.UpdateSqlProvider] ai:126 - 7毫秒: UPDATE js_sys_menu SET `status` = #{param1.status}, `update_by` = #{param1.updateBy}, `update_date` = #{param1.updateDate} WHERE status != #{param2.STATUS_DELETE} AND module_codes LIKE #{param2.sqlMap.where#module_codes#LIKE1}
2018-05-02 15:53:30,077 [main] DEBUG [o.m.spring.transaction.SpringManagedTransaction] SpringManagedTransaction.java:87 - JDBC Connection [com.alibaba.druid.proxy.jdbc.ConnectionProxyImpl@27dc81be] will be managed by Spring
2018-05-02 15:53:30,078 [main] DEBUG [c.j.modules.sys.dao.MenuDao.updateStatusByEntity] BaseJdbcLogger.java:159 - ==>  Preparing: UPDATE js_sys_menu SET `status` = ?, `update_by` = ?, `update_date` = ? WHERE status != ? AND module_codes LIKE ? 
2018-05-02 15:53:30,079 [main] DEBUG [c.j.modules.sys.dao.MenuDao.updateStatusByEntity] BaseJdbcLogger.java:159 - ==> Parameters: 0(String), system(String), 2018-05-02 15:53:30.076(Timestamp), 1(String), %devtools%(String)
2018-05-02 15:53:30,081 [main] DEBUG [c.j.modules.sys.dao.MenuDao.updateStatusByEntity] BaseJdbcLogger.java:159 - <==    Updates: 19
2018-05-02 15:53:30,099 [main] DEBUG [c.j.c.mybatis.mapper.provider.UpdateSqlProvider] ai:126 - 6毫秒: UPDATE js_sys_menu SET `status` = #{param1.status}, `update_by` = #{param1.updateBy}, `update_date` = #{param1.updateDate} WHERE status != #{param2.STATUS_DELETE} AND module_codes LIKE #{param2.sqlMap.where#module_codes#LIKE1}
2018-05-02 15:53:30,100 [main] DEBUG [o.m.spring.transaction.SpringManagedTransaction] SpringManagedTransaction.java:87 - JDBC Connection [com.alibaba.druid.proxy.jdbc.ConnectionProxyImpl@27dc81be] will be managed by Spring
2018-05-02 15:53:30,101 [main] DEBUG [c.j.modules.sys.dao.MenuDao.updateStatusByEntity] BaseJdbcLogger.java:159 - ==>  Preparing: UPDATE js_sys_menu SET `status` = ?, `update_by` = ?, `update_date` = ? WHERE status != ? AND module_codes LIKE ? 
2018-05-02 15:53:30,102 [main] DEBUG [c.j.modules.sys.dao.MenuDao.updateStatusByEntity] BaseJdbcLogger.java:159 - ==> Parameters: 2(String), system(String), 2018-05-02 15:53:30.099(Timestamp), 1(String), %cms%(String)
2018-05-02 15:53:30,104 [main] DEBUG [c.j.modules.sys.dao.MenuDao.updateStatusByEntity] BaseJdbcLogger.java:159 - <==    Updates: 0
2018-05-02 15:53:30,112 [main] DEBUG [c.j.c.mybatis.mapper.provider.SelectSqlProvider] em:11 - 0毫秒: SELECT a.status AS "status", a.create_by AS "createBy", a.create_date AS "createDate", a.update_by AS "updateBy", a.update_date AS "updateDate", a.remarks AS "remarks", a.module_code AS "moduleCode", a.module_name AS "moduleName", a.description AS "description", a.main_class_name AS "mainClassName", a.current_version AS "currentVersion", a.upgrade_info AS "upgradeInfo" FROM js_sys_module a WHERE a.`module_code` = #{moduleCode}
2018-05-02 15:53:30,113 [main] DEBUG [o.m.spring.transaction.SpringManagedTransaction] SpringManagedTransaction.java:87 - JDBC Connection [com.alibaba.druid.proxy.jdbc.ConnectionProxyImpl@27dc81be] will be managed by Spring
2018-05-02 15:53:30,114 [main] DEBUG [com.jeesite.modules.sys.dao.ModuleDao.get] BaseJdbcLogger.java:159 - ==>  Preparing: SELECT a.status AS "status", a.create_by AS "createBy", a.create_date AS "createDate", a.update_by AS "updateBy", a.update_date AS "updateDate", a.remarks AS "remarks", a.module_code AS "moduleCode", a.module_name AS "moduleName", a.description AS "description", a.main_class_name AS "mainClassName", a.current_version AS "currentVersion", a.upgrade_info AS "upgradeInfo" FROM js_sys_module a WHERE a.`module_code` = ? 
2018-05-02 15:53:30,121 [main] DEBUG [com.jeesite.modules.sys.dao.ModuleDao.get] BaseJdbcLogger.java:159 - ==> Parameters: core(String)
2018-05-02 15:53:30,123 [main] DEBUG [com.jeesite.modules.sys.dao.ModuleDao.get] BaseJdbcLogger.java:159 - <==      Total: 1
2018-05-02 15:53:30,127 [main] DEBUG [c.j.c.mybatis.mapper.provider.SelectSqlProvider] em:11 - 1毫秒: SELECT a.status AS "status", a.create_by AS "createBy", a.create_date AS "createDate", a.update_by AS "updateBy", a.update_date AS "updateDate", a.remarks AS "remarks", a.module_code AS "moduleCode", a.module_name AS "moduleName", a.description AS "description", a.main_class_name AS "mainClassName", a.current_version AS "currentVersion", a.upgrade_info AS "upgradeInfo" FROM js_sys_module a WHERE a.`module_code` = #{moduleCode}
2018-05-02 15:53:30,128 [main] DEBUG [o.m.spring.transaction.SpringManagedTransaction] SpringManagedTransaction.java:87 - JDBC Connection [com.alibaba.druid.proxy.jdbc.ConnectionProxyImpl@27dc81be] will be managed by Spring
2018-05-02 15:53:30,128 [main] DEBUG [com.jeesite.modules.sys.dao.ModuleDao.get] BaseJdbcLogger.java:159 - ==>  Preparing: SELECT a.status AS "status", a.create_by AS "createBy", a.create_date AS "createDate", a.update_by AS "updateBy", a.update_date AS "updateDate", a.remarks AS "remarks", a.module_code AS "moduleCode", a.module_name AS "moduleName", a.description AS "description", a.main_class_name AS "mainClassName", a.current_version AS "currentVersion", a.upgrade_info AS "upgradeInfo" FROM js_sys_module a WHERE a.`module_code` = ? 
2018-05-02 15:53:30,129 [main] DEBUG [com.jeesite.modules.sys.dao.ModuleDao.get] BaseJdbcLogger.java:159 - ==> Parameters: core(String)
2018-05-02 15:53:30,131 [main] DEBUG [com.jeesite.modules.sys.dao.ModuleDao.get] BaseJdbcLogger.java:159 - <==      Total: 1
2018-05-02 15:53:30,135 [main] DEBUG [c.j.c.mybatis.mapper.provider.SelectSqlProvider] em:11 - 0毫秒: SELECT a.status AS "status", a.create_by AS "createBy", a.create_date AS "createDate", a.update_by AS "updateBy", a.update_date AS "updateDate", a.remarks AS "remarks", a.module_code AS "moduleCode", a.module_name AS "moduleName", a.description AS "description", a.main_class_name AS "mainClassName", a.current_version AS "currentVersion", a.upgrade_info AS "upgradeInfo" FROM js_sys_module a WHERE a.`module_code` = #{moduleCode}
2018-05-02 15:53:30,136 [main] DEBUG [o.m.spring.transaction.SpringManagedTransaction] SpringManagedTransaction.java:87 - JDBC Connection [com.alibaba.druid.proxy.jdbc.ConnectionProxyImpl@27dc81be] will be managed by Spring
2018-05-02 15:53:30,137 [main] DEBUG [com.jeesite.modules.sys.dao.ModuleDao.get] BaseJdbcLogger.java:159 - ==>  Preparing: SELECT a.status AS "status", a.create_by AS "createBy", a.create_date AS "createDate", a.update_by AS "updateBy", a.update_date AS "updateDate", a.remarks AS "remarks", a.module_code AS "moduleCode", a.module_name AS "moduleName", a.description AS "description", a.main_class_name AS "mainClassName", a.current_version AS "currentVersion", a.upgrade_info AS "upgradeInfo" FROM js_sys_module a WHERE a.`module_code` = ? 
2018-05-02 15:53:30,138 [main] DEBUG [com.jeesite.modules.sys.dao.ModuleDao.get] BaseJdbcLogger.java:159 - ==> Parameters: core(String)
2018-05-02 15:53:30,141 [main] DEBUG [com.jeesite.modules.sys.dao.ModuleDao.get] BaseJdbcLogger.java:159 - <==      Total: 1
2018-05-02 15:53:30,151 [main] DEBUG [c.j.c.mybatis.mapper.provider.UpdateSqlProvider] ai:131 - 3毫秒: UPDATE js_sys_module SET `update_by` = #{updateBy}, `update_date` = #{updateDate}, `module_name` = #{moduleName}, `description` = #{description}, `main_class_name` = #{mainClassName}, `current_version` = #{currentVersion}, `upgrade_info` = #{upgradeInfo} WHERE `module_code` = #{moduleCode}
2018-05-02 15:53:30,151 [main] DEBUG [o.m.spring.transaction.SpringManagedTransaction] SpringManagedTransaction.java:87 - JDBC Connection [com.alibaba.druid.proxy.jdbc.ConnectionProxyImpl@27dc81be] will be managed by Spring
2018-05-02 15:53:30,152 [main] DEBUG [com.jeesite.modules.sys.dao.ModuleDao.update] BaseJdbcLogger.java:159 - ==>  Preparing: UPDATE js_sys_module SET `update_by` = ?, `update_date` = ?, `module_name` = ?, `description` = ?, `main_class_name` = ?, `current_version` = ?, `upgrade_info` = ? WHERE `module_code` = ? 
2018-05-02 15:53:30,153 [main] DEBUG [com.jeesite.modules.sys.dao.ModuleDao.update] BaseJdbcLogger.java:159 - ==> Parameters: system(String), 2018-05-02 15:53:30.15(Timestamp), 核心模块(String), 用户、角色、组织、模块、菜单、字典、参数(String), com.jeesite.modules.sys.web.LoginController(String), 4.0.2(String), upgrade 2018-05-02 15:53:30 (4.0.1 -> 4.0.2)(String), core(String)
2018-05-02 15:53:30,155 [main] DEBUG [com.jeesite.modules.sys.dao.ModuleDao.update] BaseJdbcLogger.java:159 - <==    Updates: 1
2018-05-02 15:53:34,536 [main] DEBUG [com.jeesite.common.beetl.BeetlUtils] tl:167 - Loading beetl config: [classpath:/config/beetl-core.properties, classpath:/config/beetl.properties]
2018-05-02 15:53:37,316 [main] INFO  [o.s.b.c.e.tomcat.TomcatEmbeddedServletContainer] TomcatEmbeddedServletContainer.java:201 - Tomcat started on port(s): 8980 (http)
2018-05-02 15:53:37,326 [main] INFO  [com.jeesite.modules.config.Application] StartupInfoLogger.java:57 - Started Application in 23.643 seconds (JVM running for 25.288)
